<?xml version="1.0" encoding="UTF-8"?>
<!-- Generated by org.testng.reporters.JUnitReportReporter -->
<testsuite hostname="Chukki_Laptop" failures="0" tests="1" name="com.abc.main.GetSpecificDetails" time="9.493" errors="0" timestamp="2023-12-18T00:10:46 IST" skipped="0">
  <testcase classname="com.abc.main.GetSpecificDetails" name="GetSpecificAccDetails" time="9.493"/>
</testsuite> <!-- com.abc.main.GetSpecificDetails -->
