<?xml version="1.0" encoding="UTF-8"?>
<!-- Generated by org.testng.reporters.JUnitReportReporter -->
<testsuite hostname="Chukki_Laptop" failures="0" tests="1" name="com.abc.main.UpDating" time="21.492" errors="0" timestamp="2024-01-01T23:38:09 IST" skipped="0">
  <testcase classname="com.abc.main.UpDating" name="UpdatingTheDetails" time="21.492"/>
</testsuite> <!-- com.abc.main.UpDating -->
