<?xml version="1.0" encoding="UTF-8"?>
<!-- Generated by org.testng.reporters.JUnitReportReporter -->
<testsuite hostname="Chukki_Laptop" failures="0" tests="1" name="com.bcd.Netbank2.Specific" time="5.627" errors="0" timestamp="2024-01-01T23:46:48 IST" skipped="0">
  <testcase classname="com.bcd.Netbank2.Specific" name="GetSpecificAccDetails" time="5.627"/>
</testsuite> <!-- com.bcd.Netbank2.Specific -->
