<?xml version="1.0" encoding="UTF-8"?>
<!-- Generated by org.testng.reporters.JUnitReportReporter -->
<testsuite hostname="Chukki_Laptop" failures="0" tests="2" name="com.abc.main.Test01" time="1.123" errors="0" timestamp="2024-01-01T23:01:08 IST" skipped="0">
  <testcase classname="com.abc.main.Test01" name="TestCaseOne" time="1.090"/>
  <testcase classname="com.abc.main.Test01" name="TestCaseOne" time="0.033"/>
</testsuite> <!-- com.abc.main.Test01 -->
