<?xml version="1.0" encoding="UTF-8"?>
<!-- Generated by org.testng.reporters.JUnitReportReporter -->
<testsuite hostname="Chukki_Laptop" failures="0" tests="1" name="com.abc.dataSpecific.Specific" time="6.356" errors="0" timestamp="2023-12-18T12:08:23 IST" skipped="0">
  <testcase classname="com.abc.dataSpecific.Specific" name="GetSpecificAccDetails" time="6.356"/>
</testsuite> <!-- com.abc.dataSpecific.Specific -->
