<?xml version="1.0" encoding="UTF-8"?>
<!-- Generated by org.testng.reporters.JUnitReportReporter -->
<testsuite hostname="Chukki_Laptop" failures="0" tests="1" name="com.abc.main.GettingDetails" time="1.395" errors="0" timestamp="2024-01-01T23:20:59 IST" skipped="0">
  <testcase classname="com.abc.main.GettingDetails" name="GetDetailsOfAllAccountHolders" time="1.395"/>
</testsuite> <!-- com.abc.main.GettingDetails -->
