<?xml version="1.0" encoding="UTF-8"?>
<!-- Generated by org.testng.reporters.JUnitReportReporter -->
<testsuite hostname="Chukki_Laptop" failures="0" tests="1" name="com.abc.main.CloseAccount" time="8.583" errors="0" timestamp="2024-01-01T23:13:12 IST" skipped="0">
  <testcase classname="com.abc.main.CloseAccount" name="CloseAnAccount" time="8.583"/>
</testsuite> <!-- com.abc.main.CloseAccount -->
